2025-09-04 18:03:36:336 [31merror[39m: [31mGET /api/products/category/infantil 500 932ms - IP: ::1[39m
2025-09-04 22:19:20:1920 [31merror[39m: [31mPOST /api/auth/login 500 10038ms - IP: ::1[39m
2025-09-05 10:32:26:3226 [31merror[39m: [31mGET /api/categories 500 5043ms - IP: ::1[39m
2025-09-05 10:32:26:3226 [31merror[39m: [31mGET /api/products/featured 500 5045ms - IP: ::1[39m
2025-09-05 10:32:26:3226 [31merror[39m: [31mGET /api/products 500 5045ms - IP: ::1[39m
2025-09-05 10:32:31:3231 [31merror[39m: [31mGET /api/categories 500 5008ms - IP: ::1[39m
2025-09-05 10:32:31:3231 [31merror[39m: [31mGET /api/products/featured 500 5010ms - IP: ::1[39m
2025-09-05 10:32:31:3231 [31merror[39m: [31mGET /api/products 500 5011ms - IP: ::1[39m
2025-09-05 12:19:54:1954 [31merror[39m: [31mGET /api/products/featured 500 5010ms - IP: ::1[39m
2025-09-05 12:19:54:1954 [31merror[39m: [31mGET /api/products 500 5015ms - IP: ::1[39m
2025-09-05 12:19:59:1959 [31merror[39m: [31mGET /api/categories 500 10004ms - IP: ::1[39m
2025-09-05 12:21:35:2135 [31merror[39m: [31mPOST /api/auth/login 500 10010ms - IP: ::1[39m
2025-09-05 12:22:56:2256 [31merror[39m: [31mGET /api/products 500 10010ms - IP: ::1[39m
2025-09-05 12:22:56:2256 [31merror[39m: [31mGET /api/categories 500 10012ms - IP: ::1[39m
2025-09-05 12:24:24:2424 [31merror[39m: [31mPOST /api/auth/login 500 10013ms - IP: ::1[39m
2025-09-05 13:50:56:5056 [31merror[39m: [31mGET /api/products 500 10015ms - IP: ::1[39m
2025-09-05 13:52:31:5231 [31merror[39m: [31mGET /api/products 500 10011ms - IP: ::1[39m
2025-09-05 13:52:31:5231 [31merror[39m: [31mGET /api/categories 500 10017ms - IP: ::1[39m
2025-09-05 14:44:23:4423 [31merror[39m: [31mGET /api/categories 500 10035ms - IP: ::1[39m
2025-09-05 14:44:23:4423 [31merror[39m: [31mGET /api/products/featured 500 10038ms - IP: ::1[39m
2025-09-05 14:44:23:4423 [31merror[39m: [31mGET /api/products 500 10038ms - IP: ::1[39m
2025-09-05 15:11:35:1135 [31merror[39m: [31mGET /api/products/category/colete 500 10005ms - IP: ::1[39m
